<?xml version="1.0" encoding="UTF-8"?>
<!-- Generated by org.testng.reporters.JUnitXMLReporter -->
<testsuite ignored="1" hostname="MSI" failures="0" tests="2" name="Test1" time="4.04" errors="0" timestamp="2022-05-26T13:33:31 CST">
  <testcase classname="testSamples.testNg_Demo" name="googleSearch" time="3.68"/>
  <testcase classname="testSamples.testNg_Demo2" name="googleSearch3" time="4.008"/>
  <testcase classname="testSamples.testNg_Demo2" name="googleSearch2" time="0.0">
    <ignored/>
  </testcase> <!-- googleSearch2 -->
</testsuite> <!-- Test1 -->
